TN:
SF:/home/runner/work/cmake-gcov/cmake-gcov/Adder.cpp
FN:10,_ZN5AdderC2Ev
FN:17,_ZN5Adder3addEj
FN:25,_ZN5Adder5clearEv
FN:33,_ZN5Adder11print_valueERSo
FNDA:2,_ZN5Adder3addEj
FNDA:0,_ZN5Adder5clearEv
FNDA:3,_ZN5Adder11print_valueERSo
FNDA:1,_ZN5AdderC2Ev
FNF:4
FNH:3
DA:10,1
DA:11,1
DA:17,2
DA:18,2
DA:19,2
DA:25,0
DA:26,0
DA:27,0
DA:33,3
DA:35,3
DA:36,3
LF:11
LH:8
end_of_record
TN:
SF:/home/runner/work/cmake-gcov/cmake-gcov/RunAdder.cpp
FN:7,main
FNDA:1,main
FNF:1
FNH:1
DA:7,1
DA:8,1
DA:9,1
DA:10,1
DA:11,1
DA:12,1
DA:13,1
DA:15,1
LF:8
LH:8
end_of_record
