        -:    0:Source:/home/runner/work/cmake-gcov/cmake-gcov/Adder.cpp
        -:    1:// Adder.cpp
        -:    2:
        -:    3:#include <iostream>
        -:    4:#include "Adder.h"
        -:    5:
        -:    6:// -----
        -:    7:// Adder
        -:    8:// -----
        -:    9:
function _ZN5AdderC2Ev called 1 returned 100% blocks executed 100%
        1:   10:Adder::Adder() :
        1:   11:    _value(0) {};
        -:   12:
        -:   13:// ---
        -:   14:// add
        -:   15:// ---
        -:   16:
function _ZN5Adder3addEj called 2 returned 100% blocks executed 100%
        2:   17:void Adder::add(uint32_t x) {
        2:   18:    _value += x;
        2:   19:}
        -:   20:
        -:   21:// -----
        -:   22:// clear
        -:   23:// -----
        -:   24:
function _ZN5Adder5clearEv called 0 returned 0% blocks executed 0%
    #####:   25:void Adder::clear() {
    #####:   26:    _value = 0;
    #####:   27:}
        -:   28:
        -:   29:// -----------
        -:   30:// print_value
        -:   31:// -----------
        -:   32:
function _ZN5Adder11print_valueERSo called 3 returned 100% blocks executed 100%
        3:   33:void Adder::print_value(std::ostream& out) {
        -:   34:    using namespace std;
        3:   35:    out << "Current value: " << _value << endl;
call    0 returned 100%
call    1 returned 100%
call    2 returned 100%
        3:   36:}
